<!DOCTYPE html PUBLIC "-//W3C//DTD XHTML 1.1//EN" "https://www.w3.org/TR/xhtml11/DTD/xhtml11.dtd">
<html xmlns="https://www.w3.org/1999/xhtml">
<head>
<meta http-equiv="content-type" content="text/html; charset=UTF-8"/>
<title>TestNG Report</title>
<style type="text/css">table {margin-bottom:10px;border-collapse:collapse;empty-cells:show}th,td {border:1px solid #009;padding:.25em .5em}th {vertical-align:bottom}td {vertical-align:top}table a {font-weight:bold}.stripe td {background-color: #E6EBF9}.num {text-align:right}.passedodd td {background-color: #3F3}.passedeven td {background-color: #0A0}.skippedodd td {background-color: #DDD}.skippedeven td {background-color: #CCC}.failedodd td,.attn {background-color: #F33}.failedeven td,.stripe .attn {background-color: #D00}.stacktrace {white-space:pre;font-family:monospace}.totop {font-size:85%;text-align:center;border-bottom:2px solid #000}.invisible {display:none}</style>
</head>
<body>
<table>
<tr><th>Test</th><th># Passed</th><th># Skipped</th><th># Retried</th><th># Failed</th><th>Time (ms)</th><th>Included Groups</th><th>Excluded Groups</th></tr>
<tr><th colspan="8">Xalts-Assignment</th></tr>
<tr><td><a href="#t0">Tests</a></td><td class="num">2</td><td class="num">0</td><td class="num">0</td><td class="num attn">6</td><td class="num">41,794</td><td></td><td></td></tr>
</table>
<table id='summary'><thead><tr><th>Class</th><th>Method</th><th>Start</th><th>Time (ms)</th></tr></thead><tbody><tr><th colspan="4">Xalts-Assignment</th></tr></tbody><tbody id="t0"><tr><th colspan="4">Tests &#8212; failed</th></tr><tr class="failedeven"><td rowspan="2">com.xalts.tst.assignment_xalts_TestCases.SignInTest</td><td><a href="#m0">signInTest</a></td><td rowspan="2">1730887669693</td><td rowspan="2">789</td></tr><tr class="failedeven"><td><a href="#m1">signInTest</a></td></tr><tr class="failedodd"><td rowspan="1">com.xalts.tst.assignment_xalts_TestCases.SignOutTest</td><td><a href="#m2">signOutTest</a></td><td rowspan="1">1730887674335</td><td rowspan="1">1896</td></tr><tr class="failedeven"><td rowspan="3">com.xalts.tst.assignment_xalts_TestCases.SignUpTest</td><td><a href="#m3">signUpTest</a></td><td rowspan="3">1730887652559</td><td rowspan="3">797</td></tr><tr class="failedeven"><td><a href="#m4">signUpTest</a></td></tr><tr class="failedeven"><td><a href="#m5">signUpTest</a></td></tr><tr><th colspan="4">Tests &#8212; passed</th></tr><tr class="passedeven"><td rowspan="1">com.xalts.tst.assignment_xalts_TestCases.HomePageTest</td><td><a href="#m6">homePageTest</a></td><td rowspan="1">1730887638499</td><td rowspan="1">123</td></tr><tr class="passedodd"><td rowspan="1">com.xalts.tst.assignment_xalts_TestCases.SignUpTest</td><td><a href="#m7">signUpTest</a></td><td rowspan="1">1730887642866</td><td rowspan="1">1119</td></tr></tbody>
</table>
<h2>Tests</h2><h3 id="m0">com.xalts.tst.assignment_xalts_TestCases.SignInTest#signInTest</h3><table class="result"><tr class="param"><th>Parameter #1</th><th>Parameter #2</th><th>Parameter #3</th></tr><tr class="param stripe"><td>Komiri.raja9589034@gmail.com</td><td>Tests@123</td><td>negative</td></tr><tr><th colspan="3">Exception</th></tr><tr><td colspan="3"><div class="stacktrace">java.lang.AssertionError: The following asserts failed:
	Test failed due to an exception: unexpected alert open: {Alert text : User not found}
  (Session info: chrome=130.0.6723.92): User not found
Build info: version: &apos;4.25.0&apos;, revision: &apos;8a8aea2337&apos;
System info: os.name: &apos;Windows 11&apos;, os.arch: &apos;amd64&apos;, os.version: &apos;10.0&apos;, java.version: &apos;17.0.10&apos;
Driver info: org.openqa.selenium.chrome.ChromeDriver
Command: [d2786d5cdf8662e1423d1c1451417282, findElement {value=//button[normalize-space()=&apos;Sign Out&apos;], using=xpath}]
Capabilities {acceptInsecureCerts: false, browserName: chrome, browserVersion: 130.0.6723.92, chrome: {chromedriverVersion: 130.0.6723.93 (dbcf0550c05e..., userDataDir: C:\Users\RAJAKS~1\AppData\L...}, fedcm:accounts: true, goog:chromeOptions: {debuggerAddress: localhost:64059}, networkConnectionEnabled: false, pageLoadStrategy: normal, platformName: windows, proxy: Proxy(), se:cdp: ws://localhost:64059/devtoo..., se:cdpVersion: 130.0.6723.92, setWindowRect: true, strictFileInteractability: false, timeouts: {implicit: 0, pageLoad: 300000, script: 30000}, unhandledPromptBehavior: dismiss and notify, webauthn:extension:credBlob: true, webauthn:extension:largeBlob: true, webauthn:extension:minPinLength: true, webauthn:extension:prf: true, webauthn:virtualAuthenticators: true}
Session ID: d2786d5cdf8662e1423d1c1451417282,
	&apos;Sign In&apos; button should be disabled for invalid credentials. expected [false] but found [true]
	at com.xalts.tst.assignment_xalts_TestCases.SignInTest.signInTest(SignInTest.java:80)
	at java.base/java.util.ArrayList.forEach(ArrayList.java:1511)
... Removed 29 stack frames</div></td></tr></table><p class="totop"><a href="#summary">back to summary</a></p>
<h3 id="m1">com.xalts.tst.assignment_xalts_TestCases.SignInTest#signInTest</h3><table class="result"><tr class="param"><th>Parameter #1</th><th>Parameter #2</th><th>Parameter #3</th></tr><tr class="param stripe"><td>Komiri.raja9589034@gmail.com</td><td>Raja$1235</td><td>positive</td></tr><tr><th colspan="3">Exception</th></tr><tr><td colspan="3"><div class="stacktrace">java.lang.AssertionError: The following asserts failed:
	Test failed due to an exception: unexpected alert open: {Alert text : User not found}
  (Session info: chrome=130.0.6723.92): User not found
Build info: version: &apos;4.25.0&apos;, revision: &apos;8a8aea2337&apos;
System info: os.name: &apos;Windows 11&apos;, os.arch: &apos;amd64&apos;, os.version: &apos;10.0&apos;, java.version: &apos;17.0.10&apos;
Driver info: org.openqa.selenium.chrome.ChromeDriver
Command: [d2786d5cdf8662e1423d1c1451417282, findElement {value=//button[normalize-space()=&apos;Sign Out&apos;], using=xpath}]
Capabilities {acceptInsecureCerts: false, browserName: chrome, browserVersion: 130.0.6723.92, chrome: {chromedriverVersion: 130.0.6723.93 (dbcf0550c05e..., userDataDir: C:\Users\RAJAKS~1\AppData\L...}, fedcm:accounts: true, goog:chromeOptions: {debuggerAddress: localhost:64059}, networkConnectionEnabled: false, pageLoadStrategy: normal, platformName: windows, proxy: Proxy(), se:cdp: ws://localhost:64059/devtoo..., se:cdpVersion: 130.0.6723.92, setWindowRect: true, strictFileInteractability: false, timeouts: {implicit: 0, pageLoad: 300000, script: 30000}, unhandledPromptBehavior: dismiss and notify, webauthn:extension:credBlob: true, webauthn:extension:largeBlob: true, webauthn:extension:minPinLength: true, webauthn:extension:prf: true, webauthn:virtualAuthenticators: true}
Session ID: d2786d5cdf8662e1423d1c1451417282
	at com.xalts.tst.assignment_xalts_TestCases.SignInTest.signInTest(SignInTest.java:80)
	at java.base/java.util.ArrayList.forEach(ArrayList.java:1511)
... Removed 29 stack frames</div></td></tr></table><p class="totop"><a href="#summary">back to summary</a></p>
<h3 id="m2">com.xalts.tst.assignment_xalts_TestCases.SignOutTest#signOutTest</h3><table class="result"><tr class="param"><th>Parameter #1</th><th>Parameter #2</th></tr><tr class="param stripe"><td>Komiri.raja95890@gmail.com</td><td>Raja$1234</td></tr><tr><th colspan="2">Exception</th></tr><tr><td colspan="2"><div class="stacktrace">java.lang.AssertionError: The following asserts failed:
	Test failed due to an exception: unexpected alert open: {Alert text : User not found}
  (Session info: chrome=130.0.6723.92): User not found
Build info: version: &apos;4.25.0&apos;, revision: &apos;8a8aea2337&apos;
System info: os.name: &apos;Windows 11&apos;, os.arch: &apos;amd64&apos;, os.version: &apos;10.0&apos;, java.version: &apos;17.0.10&apos;
Driver info: org.openqa.selenium.chrome.ChromeDriver
Command: [45d306f9d96499e5c70c26c6b7bd4321, findElement {value=//button[normalize-space()=&apos;Sign Out&apos;], using=xpath}]
Capabilities {acceptInsecureCerts: false, browserName: chrome, browserVersion: 130.0.6723.92, chrome: {chromedriverVersion: 130.0.6723.93 (dbcf0550c05e..., userDataDir: C:\Users\RAJAKS~1\AppData\L...}, fedcm:accounts: true, goog:chromeOptions: {debuggerAddress: localhost:64120}, networkConnectionEnabled: false, pageLoadStrategy: normal, platformName: windows, proxy: Proxy(), se:cdp: ws://localhost:64120/devtoo..., se:cdpVersion: 130.0.6723.92, setWindowRect: true, strictFileInteractability: false, timeouts: {implicit: 0, pageLoad: 300000, script: 30000}, unhandledPromptBehavior: dismiss and notify, webauthn:extension:credBlob: true, webauthn:extension:largeBlob: true, webauthn:extension:minPinLength: true, webauthn:extension:prf: true, webauthn:virtualAuthenticators: true}
Session ID: 45d306f9d96499e5c70c26c6b7bd4321
	at com.xalts.tst.assignment_xalts_TestCases.SignOutTest.signOutTest(SignOutTest.java:59)
	at java.base/java.util.ArrayList.forEach(ArrayList.java:1511)
... Removed 29 stack frames</div></td></tr></table><p class="totop"><a href="#summary">back to summary</a></p>
<h3 id="m3">com.xalts.tst.assignment_xalts_TestCases.SignUpTest#signUpTest</h3><table class="result"><tr class="param"><th>Parameter #1</th><th>Parameter #2</th><th>Parameter #3</th><th>Parameter #4</th></tr><tr class="param stripe"><td>komiriraja</td><td>Tests@123</td><td>Tests@123</td><td>negative</td></tr><tr><th colspan="4">Exception</th></tr><tr><td colspan="4"><div class="stacktrace">java.lang.AssertionError: The following asserts failed:
	Sign Up button should be disabled for invalid credentials. expected [false] but found [true]
	at com.xalts.tst.assignment_xalts_TestCases.SignUpTest.signUpTest(SignUpTest.java:65)
	at java.base/java.util.ArrayList.forEach(ArrayList.java:1511)
... Removed 29 stack frames</div></td></tr></table><p class="totop"><a href="#summary">back to summary</a></p>
<h3 id="m4">com.xalts.tst.assignment_xalts_TestCases.SignUpTest#signUpTest</h3><table class="result"><tr class="param"><th>Parameter #1</th><th>Parameter #2</th><th>Parameter #3</th><th>Parameter #4</th></tr><tr class="param stripe"><td></td><td></td><td></td><td></td></tr><tr><th colspan="4">Exception</th></tr><tr><td colspan="4"><div class="stacktrace">java.lang.AssertionError: The following asserts failed:
	Sign Up button should be disabled for invalid credentials. expected [false] but found [true]
	at com.xalts.tst.assignment_xalts_TestCases.SignUpTest.signUpTest(SignUpTest.java:65)
	at java.base/java.util.ArrayList.forEach(ArrayList.java:1511)
... Removed 29 stack frames</div></td></tr></table><p class="totop"><a href="#summary">back to summary</a></p>
<h3 id="m5">com.xalts.tst.assignment_xalts_TestCases.SignUpTest#signUpTest</h3><table class="result"><tr class="param"><th>Parameter #1</th><th>Parameter #2</th><th>Parameter #3</th><th>Parameter #4</th></tr><tr class="param stripe"><td>Komiri.raja95890@gmail.com</td><td>Raja$1235</td><td>Raja$1235</td><td>negative</td></tr><tr><th colspan="4">Exception</th></tr><tr><td colspan="4"><div class="stacktrace">java.lang.AssertionError: The following asserts failed:
	Sign Up button should be disabled for invalid credentials. expected [false] but found [true]
	at com.xalts.tst.assignment_xalts_TestCases.SignUpTest.signUpTest(SignUpTest.java:65)
	at java.base/java.util.ArrayList.forEach(ArrayList.java:1511)
... Removed 29 stack frames</div></td></tr></table><p class="totop"><a href="#summary">back to summary</a></p>
<h3 id="m6">com.xalts.tst.assignment_xalts_TestCases.HomePageTest#homePageTest</h3><table class="result"><tr><th class="invisible"/></tr></table><p class="totop"><a href="#summary">back to summary</a></p>
<h3 id="m7">com.xalts.tst.assignment_xalts_TestCases.SignUpTest#signUpTest</h3><table class="result"><tr class="param"><th>Parameter #1</th><th>Parameter #2</th><th>Parameter #3</th><th>Parameter #4</th></tr><tr class="param stripe"><td>Komiri.raja95890@gmail.com</td><td>Raja$1234</td><td>Raja$1234</td><td>positive</td></tr></table><p class="totop"><a href="#summary">back to summary</a></p>
</body>
</html>
